;  LST file generated by mikroListExporter - v.2.0 
; Date/Time: 18.12.2023 14:47:18
;----------------------------------------------

;Address Opcode 	ASM
0x0000	0x2863      	GOTO       99
_interrupt:
0x0004	0x00FF      	MOVWF      R15
0x0005	0x0E03      	SWAPF      STATUS, 0
0x0006	0x0183      	CLRF       STATUS
0x0007	0x00AA      	MOVWF      ___saveSTATUS
0x0008	0x080A      	MOVF       PCLATH, 0
0x0009	0x00AB      	MOVWF      ___savePCLATH
0x000A	0x018A      	CLRF       PCLATH
;saatdksn.c,6 :: 		void interrupt(){
;saatdksn.c,7 :: 		tmrsay+=1;
0x000B	0x0AA6      	INCF       _tmrsay, 1
0x000C	0x1903      	BTFSC      STATUS, 2
0x000D	0x0AA7      	INCF       _tmrsay+1, 1
;saatdksn.c,8 :: 		tmr0=55;
0x000E	0x3037      	MOVLW      55
0x000F	0x0081      	MOVWF      TMR0
;saatdksn.c,9 :: 		intcon.t0if=0;
0x0010	0x110B      	BCF        INTCON, 2
;saatdksn.c,10 :: 		}
L_end_interrupt:
L__interrupt6:
0x0011	0x082B      	MOVF       ___savePCLATH, 0
0x0012	0x008A      	MOVWF      PCLATH
0x0013	0x0E2A      	SWAPF      ___saveSTATUS, 0
0x0014	0x0083      	MOVWF      STATUS
0x0015	0x0EFF      	SWAPF      R15, 1
0x0016	0x0E7F      	SWAPF      R15, 0
0x0017	0x0009      	RETFIE
; end of _interrupt
_Div_8X8_U:
;__Lib_Math.c,189 :: 		
;__Lib_Math.c,196 :: 		
0x0018	0x1283      	BCF        STATUS, 5
;__Lib_Math.c,197 :: 		
0x0019	0x1303      	BCF        STATUS, 6
;__Lib_Math.c,198 :: 		
0x001A	0x01F8      	CLRF       R8
;__Lib_Math.c,199 :: 		
0x001B	0x3008      	MOVLW      8
;__Lib_Math.c,200 :: 		
0x001C	0x00FC      	MOVWF      R12
;__Lib_Math.c,201 :: 		
0x001D	0x0D70      	RLF        R0, 0
;__Lib_Math.c,202 :: 		
0x001E	0x0DF8      	RLF        R8, 1
;__Lib_Math.c,203 :: 		
0x001F	0x0874      	MOVF       R4, 0
;__Lib_Math.c,204 :: 		
0x0020	0x02F8      	SUBWF      R8, 1
;__Lib_Math.c,205 :: 		
0x0021	0x1803      	BTFSC      STATUS, 0
;__Lib_Math.c,206 :: 		
0x0022	0x2825      	GOTO       $+3
;__Lib_Math.c,207 :: 		
0x0023	0x07F8      	ADDWF      R8, 1
;__Lib_Math.c,208 :: 		
0x0024	0x1003      	BCF        STATUS, 0
;__Lib_Math.c,209 :: 		
0x0025	0x0DF0      	RLF        R0, 1
;__Lib_Math.c,210 :: 		
0x0026	0x0BFC      	DECFSZ     R12, 1
;__Lib_Math.c,211 :: 		
0x0027	0x281D      	GOTO       $-10
;__Lib_Math.c,213 :: 		
L_end_Div_8X8_U:
0x0028	0x0008      	RETURN
; end of _Div_8X8_U
_____DoICP:
;__Lib_System.c,6 :: 		
;__Lib_System.c,9 :: 		
0x0029	0x1283      	BCF        STATUS, 5
0x002A	0x1303      	BCF        STATUS, 6
0x002B	0x0829      	MOVF       ___DoICPAddr+1, 0
0x002C	0x008A      	MOVWF      PCLATH
;__Lib_System.c,10 :: 		
0x002D	0x0828      	MOVF       ___DoICPAddr, 0
0x002E	0x0082      	MOVWF      PCL
;__Lib_System.c,12 :: 		
L_end_____DoICP:
0x002F	0x0008      	RETURN
; end of _____DoICP
___CC2DW:
;__Lib_System.c,134 :: 		
;__Lib_System.c,137 :: 		
_CC2D_Loop1:
;__Lib_System.c,139 :: 		
0x0030	0x2029      	CALL       _____DoICP
0x0031	0x118A      	BCF        PCLATH, 3
0x0032	0x120A      	BCF        PCLATH, 4
;__Lib_System.c,141 :: 		
0x0033	0x0080      	MOVWF      INDF
;__Lib_System.c,142 :: 		
0x0034	0x0A84      	INCF       FSR, 1
;__Lib_System.c,143 :: 		
0x0035	0x0AA8      	INCF       ___DoICPAddr, 1
;__Lib_System.c,145 :: 		
0x0036	0x1903      	BTFSC      STATUS, 2
;__Lib_System.c,146 :: 		
0x0037	0x0AA9      	INCF       ___DoICPAddr+1, 1
;__Lib_System.c,147 :: 		
0x0038	0x03F0      	DECF       R0, 1
;__Lib_System.c,149 :: 		
0x0039	0x1D03      	BTFSS      STATUS, 2
;__Lib_System.c,150 :: 		
0x003A	0x2830      	GOTO       _CC2D_Loop1
;__Lib_System.c,152 :: 		
L_end___CC2DW:
0x003B	0x0008      	RETURN
; end of ___CC2DW
_Dec2Bcd:
;__Lib_Conversions.c,353 :: 		
;__Lib_Conversions.c,354 :: 		
0x003C	0x1283      	BCF        STATUS, 5
0x003D	0x1303      	BCF        STATUS, 6
0x003E	0x01AD      	CLRF       Dec2Bcd_tmp_L0
;__Lib_Conversions.c,356 :: 		
0x003F	0x082C      	MOVF       FARG_Dec2Bcd_decnum, 0
0x0040	0x3C09      	SUBLW      9
0x0041	0x1803      	BTFSC      STATUS, 0
0x0042	0x285E      	GOTO       L_Dec2Bcd78
;__Lib_Conversions.c,357 :: 		
0x0043	0x300A      	MOVLW      10
0x0044	0x00F4      	MOVWF      R4
0x0045	0x082C      	MOVF       FARG_Dec2Bcd_decnum, 0
0x0046	0x00F0      	MOVWF      R0
0x0047	0x2018      	CALL       _Div_8X8_U
0x0048	0x0870      	MOVF       R0, 0
0x0049	0x00AD      	MOVWF      Dec2Bcd_tmp_L0
;__Lib_Conversions.c,358 :: 		
0x004A	0x0870      	MOVF       R0, 0
0x004B	0x00AD      	MOVWF      Dec2Bcd_tmp_L0
0x004C	0x0DAD      	RLF        Dec2Bcd_tmp_L0, 1
0x004D	0x102D      	BCF        Dec2Bcd_tmp_L0, 0
0x004E	0x0DAD      	RLF        Dec2Bcd_tmp_L0, 1
0x004F	0x102D      	BCF        Dec2Bcd_tmp_L0, 0
0x0050	0x0DAD      	RLF        Dec2Bcd_tmp_L0, 1
0x0051	0x102D      	BCF        Dec2Bcd_tmp_L0, 0
0x0052	0x0DAD      	RLF        Dec2Bcd_tmp_L0, 1
0x0053	0x102D      	BCF        Dec2Bcd_tmp_L0, 0
;__Lib_Conversions.c,359 :: 		
0x0054	0x300A      	MOVLW      10
0x0055	0x00F4      	MOVWF      R4
0x0056	0x082C      	MOVF       FARG_Dec2Bcd_decnum, 0
0x0057	0x00F0      	MOVWF      R0
0x0058	0x2018      	CALL       _Div_8X8_U
0x0059	0x0878      	MOVF       R8, 0
0x005A	0x00F0      	MOVWF      R0
0x005B	0x0870      	MOVF       R0, 0
0x005C	0x04AD      	IORWF      Dec2Bcd_tmp_L0, 1
;__Lib_Conversions.c,360 :: 		
0x005D	0x2860      	GOTO       L_Dec2Bcd79
L_Dec2Bcd78:
;__Lib_Conversions.c,361 :: 		
0x005E	0x082C      	MOVF       FARG_Dec2Bcd_decnum, 0
0x005F	0x00AD      	MOVWF      Dec2Bcd_tmp_L0
L_Dec2Bcd79:
;__Lib_Conversions.c,362 :: 		
0x0060	0x082D      	MOVF       Dec2Bcd_tmp_L0, 0
0x0061	0x00F0      	MOVWF      R0
;__Lib_Conversions.c,363 :: 		
L_end_Dec2Bcd:
0x0062	0x0008      	RETURN
; end of _Dec2Bcd
_main:
0x0063	0x1283      	BCF        STATUS, 5
0x0064	0x1303      	BCF        STATUS, 6
0x0065	0x01A0      	CLRF       _sny
0x0066	0x01A1      	CLRF       33
0x0067	0x01A2      	CLRF       _dk
0x0068	0x01A3      	CLRF       35
0x0069	0x01A4      	CLRF       _saat
0x006A	0x01A5      	CLRF       37
0x006B	0x01A6      	CLRF       _tmrsay
0x006C	0x01A7      	CLRF       39
;saatdksn.c,12 :: 		void main() {
;saatdksn.c,13 :: 		ansel=anselh=0;
0x006D	0x1683      	BSF        STATUS, 5
0x006E	0x1703      	BSF        STATUS, 6
0x006F	0x0189      	CLRF       ANSELH
0x0070	0x0188      	CLRF       ANSEL
;saatdksn.c,14 :: 		trisb=0;trisc=0;trisd=0;
0x0071	0x0186      	CLRF       TRISB
0x0072	0x1303      	BCF        STATUS, 6
0x0073	0x0187      	CLRF       TRISC
0x0074	0x0188      	CLRF       TRISD
;saatdksn.c,15 :: 		portb=0;portc=0;portd=0;
0x0075	0x1283      	BCF        STATUS, 5
0x0076	0x0186      	CLRF       PORTB
0x0077	0x0187      	CLRF       PORTC
0x0078	0x0188      	CLRF       PORTD
;saatdksn.c,17 :: 		OPTION_REG.T0CS=0;
0x0079	0x1683      	BSF        STATUS, 5
0x007A	0x1281      	BCF        OPTION_REG, 5
;saatdksn.c,18 :: 		OPTION_REG.PSA=0;
0x007B	0x1181      	BCF        OPTION_REG, 3
;saatdksn.c,19 :: 		OPTION_REG.PS0=0;
0x007C	0x1001      	BCF        OPTION_REG, 0
;saatdksn.c,20 :: 		OPTION_REG.PS1=0;
0x007D	0x1081      	BCF        OPTION_REG, 1
;saatdksn.c,21 :: 		OPTION_REG.PS2=0;
0x007E	0x1101      	BCF        OPTION_REG, 2
;saatdksn.c,22 :: 		INTCON.GIE=1;
0x007F	0x178B      	BSF        INTCON, 7
;saatdksn.c,23 :: 		INTCON.T0IE=1;
0x0080	0x168B      	BSF        INTCON, 5
;saatdksn.c,24 :: 		tmr0=55;
0x0081	0x3037      	MOVLW      55
0x0082	0x1283      	BCF        STATUS, 5
0x0083	0x0081      	MOVWF      TMR0
;saatdksn.c,28 :: 		while(1){
L_main0:
;saatdksn.c,29 :: 		if(tmrsay>=5000){
0x0084	0x3080      	MOVLW      128
0x0085	0x0627      	XORWF      _tmrsay+1, 0
0x0086	0x00F0      	MOVWF      R0
0x0087	0x3080      	MOVLW      128
0x0088	0x3A13      	XORLW      19
0x0089	0x0270      	SUBWF      R0, 0
0x008A	0x1D03      	BTFSS      STATUS, 2
0x008B	0x288E      	GOTO       L__main8
0x008C	0x3088      	MOVLW      136
0x008D	0x0226      	SUBWF      _tmrsay, 0
L__main8:
0x008E	0x1C03      	BTFSS      STATUS, 0
0x008F	0x289A      	GOTO       L_main2
;saatdksn.c,30 :: 		sny+=1;
0x0090	0x0AA0      	INCF       _sny, 1
0x0091	0x1903      	BTFSC      STATUS, 2
0x0092	0x0AA1      	INCF       _sny+1, 1
;saatdksn.c,31 :: 		portd=dec2bcd(sny);
0x0093	0x0820      	MOVF       _sny, 0
0x0094	0x00AC      	MOVWF      FARG_Dec2Bcd_decnum
0x0095	0x203C      	CALL       _Dec2Bcd
0x0096	0x0870      	MOVF       R0, 0
0x0097	0x0088      	MOVWF      PORTD
;saatdksn.c,32 :: 		tmrsay=0;
0x0098	0x01A6      	CLRF       _tmrsay
0x0099	0x01A7      	CLRF       _tmrsay+1
;saatdksn.c,33 :: 		}
L_main2:
;saatdksn.c,34 :: 		if(sny>=59){
0x009A	0x3080      	MOVLW      128
0x009B	0x0621      	XORWF      _sny+1, 0
0x009C	0x00F0      	MOVWF      R0
0x009D	0x3080      	MOVLW      128
0x009E	0x0270      	SUBWF      R0, 0
0x009F	0x1D03      	BTFSS      STATUS, 2
0x00A0	0x28A3      	GOTO       L__main9
0x00A1	0x303B      	MOVLW      59
0x00A2	0x0220      	SUBWF      _sny, 0
L__main9:
0x00A3	0x1C03      	BTFSS      STATUS, 0
0x00A4	0x28AF      	GOTO       L_main3
;saatdksn.c,35 :: 		dk+=1;
0x00A5	0x0AA2      	INCF       _dk, 1
0x00A6	0x1903      	BTFSC      STATUS, 2
0x00A7	0x0AA3      	INCF       _dk+1, 1
;saatdksn.c,36 :: 		portc=dec2bcd(dk);
0x00A8	0x0822      	MOVF       _dk, 0
0x00A9	0x00AC      	MOVWF      FARG_Dec2Bcd_decnum
0x00AA	0x203C      	CALL       _Dec2Bcd
0x00AB	0x0870      	MOVF       R0, 0
0x00AC	0x0087      	MOVWF      PORTC
;saatdksn.c,37 :: 		sny=0;
0x00AD	0x01A0      	CLRF       _sny
0x00AE	0x01A1      	CLRF       _sny+1
;saatdksn.c,38 :: 		}
L_main3:
;saatdksn.c,39 :: 		if(dk>=59){
0x00AF	0x3080      	MOVLW      128
0x00B0	0x0623      	XORWF      _dk+1, 0
0x00B1	0x00F0      	MOVWF      R0
0x00B2	0x3080      	MOVLW      128
0x00B3	0x0270      	SUBWF      R0, 0
0x00B4	0x1D03      	BTFSS      STATUS, 2
0x00B5	0x28B8      	GOTO       L__main10
0x00B6	0x303B      	MOVLW      59
0x00B7	0x0222      	SUBWF      _dk, 0
L__main10:
0x00B8	0x1C03      	BTFSS      STATUS, 0
0x00B9	0x28C2      	GOTO       L_main4
;saatdksn.c,40 :: 		saat+=1;
0x00BA	0x0AA4      	INCF       _saat, 1
0x00BB	0x1903      	BTFSC      STATUS, 2
0x00BC	0x0AA5      	INCF       _saat+1, 1
;saatdksn.c,41 :: 		portb=dec2bcd(saat);
0x00BD	0x0824      	MOVF       _saat, 0
0x00BE	0x00AC      	MOVWF      FARG_Dec2Bcd_decnum
0x00BF	0x203C      	CALL       _Dec2Bcd
0x00C0	0x0870      	MOVF       R0, 0
0x00C1	0x0086      	MOVWF      PORTB
;saatdksn.c,42 :: 		}
L_main4:
;saatdksn.c,43 :: 		}
0x00C2	0x2884      	GOTO       L_main0
;saatdksn.c,44 :: 		}
L_end_main:
0x00C3	0x28C3      	GOTO       $+0
; end of _main
Symbol List:
//** Routines locations **
//ADDRESS    SIZE    PROCEDURE
//----------------------------------------------
0x0004      [20]    _interrupt
0x0018      [17]    _Div_8X8_U
0x0029       [7]    _____DoICP
0x0030      [12]    ___CC2DW
0x003C      [39]    _Dec2Bcd
0x0063      [97]    _main
//** Variables locations ** 
//ADDRESS    SIZE    VARIABLE
//----------------------------------------------
0x0000       [1]    INDF
0x0001       [1]    TMR0
0x0002       [1]    PCL
0x0003       [1]    STATUS
0x0004       [1]    FSR
0x0006       [1]    PORTB
0x0007       [1]    PORTC
0x0008       [1]    PORTD
0x000A       [1]    PCLATH
0x000B       [1]    INTCON
0x0020       [2]    _sny
0x0022       [2]    _dk
0x0024       [2]    _saat
0x0026       [2]    _tmrsay
0x0028       [2]    ___DoICPAddr
0x002A       [1]    ___saveSTATUS
0x002B       [1]    ___savePCLATH
0x002C       [1]    FARG_Dec2Bcd_decnum
0x002D       [1]    Dec2Bcd_tmp_L0
0x0070       [1]    R0
0x0071       [1]    R1
0x0072       [1]    R2
0x0073       [1]    R3
0x0074       [1]    R4
0x0075       [1]    R5
0x0076       [1]    R6
0x0077       [1]    R7
0x0078       [1]    R8
0x0079       [1]    R9
0x007A       [1]    R10
0x007B       [1]    R11
0x007C       [1]    R12
0x007D       [1]    R13
0x007E       [1]    R14
0x007F       [1]    R15
0x0081       [1]    OPTION_REG
0x0086       [1]    TRISB
0x0087       [1]    TRISC
0x0088       [1]    TRISD
0x0188       [1]    ANSEL
0x0189       [1]    ANSELH
