;  LST file generated by mikroListExporter - v.2.0 
; Date/Time: 27.11.2023 15:19:23
;----------------------------------------------

;Address Opcode 	ASM
0x0000	0x2866      	GOTO       102
_interrupt:
0x0004	0x00FF      	MOVWF      R15
0x0005	0x0E03      	SWAPF      STATUS, 0
0x0006	0x0183      	CLRF       STATUS
0x0007	0x00A5      	MOVWF      ___saveSTATUS
0x0008	0x080A      	MOVF       PCLATH, 0
0x0009	0x00A4      	MOVWF      ___savePCLATH
0x000A	0x018A      	CLRF       PCLATH
;Interrupt.c,2 :: 		void interrupt(){
;Interrupt.c,3 :: 		SAY++;
0x000B	0x0AA2      	INCF       _SAY, 1
0x000C	0x1903      	BTFSC      STATUS, 2
0x000D	0x0AA3      	INCF       _SAY+1, 1
;Interrupt.c,4 :: 		PORTC=Dec2Bcd(SAY);
0x000E	0x0822      	MOVF       _SAY, 0
0x000F	0x00A6      	MOVWF      FARG_Dec2Bcd_decnum
0x0010	0x203F      	CALL       _Dec2Bcd
0x0011	0x0870      	MOVF       R0, 0
0x0012	0x0087      	MOVWF      PORTC
;Interrupt.c,5 :: 		INTCON.INTF=0; // KESME BAYRAÐI SIFIRLAMAK YENÝDEN KESME MÜMKÜN KILAR
0x0013	0x108B      	BCF        INTCON, 1
;Interrupt.c,6 :: 		}
L_end_interrupt:
L__interrupt1:
0x0014	0x0824      	MOVF       ___savePCLATH, 0
0x0015	0x008A      	MOVWF      PCLATH
0x0016	0x0E25      	SWAPF      ___saveSTATUS, 0
0x0017	0x0083      	MOVWF      STATUS
0x0018	0x0EFF      	SWAPF      R15, 1
0x0019	0x0E7F      	SWAPF      R15, 0
0x001A	0x0009      	RETFIE
; end of _interrupt
_Div_8X8_U:
;__Lib_Math.c,189 :: 		
;__Lib_Math.c,196 :: 		
0x001B	0x1283      	BCF        STATUS, 5
;__Lib_Math.c,197 :: 		
0x001C	0x1303      	BCF        STATUS, 6
;__Lib_Math.c,198 :: 		
0x001D	0x01F8      	CLRF       R8
;__Lib_Math.c,199 :: 		
0x001E	0x3008      	MOVLW      8
;__Lib_Math.c,200 :: 		
0x001F	0x00FC      	MOVWF      R12
;__Lib_Math.c,201 :: 		
0x0020	0x0D70      	RLF        R0, 0
;__Lib_Math.c,202 :: 		
0x0021	0x0DF8      	RLF        R8, 1
;__Lib_Math.c,203 :: 		
0x0022	0x0874      	MOVF       R4, 0
;__Lib_Math.c,204 :: 		
0x0023	0x02F8      	SUBWF      R8, 1
;__Lib_Math.c,205 :: 		
0x0024	0x1803      	BTFSC      STATUS, 0
;__Lib_Math.c,206 :: 		
0x0025	0x2828      	GOTO       $+3
;__Lib_Math.c,207 :: 		
0x0026	0x07F8      	ADDWF      R8, 1
;__Lib_Math.c,208 :: 		
0x0027	0x1003      	BCF        STATUS, 0
;__Lib_Math.c,209 :: 		
0x0028	0x0DF0      	RLF        R0, 1
;__Lib_Math.c,210 :: 		
0x0029	0x0BFC      	DECFSZ     R12, 1
;__Lib_Math.c,211 :: 		
0x002A	0x2820      	GOTO       $-10
;__Lib_Math.c,213 :: 		
L_end_Div_8X8_U:
0x002B	0x0008      	RETURN
; end of _Div_8X8_U
_____DoICP:
;__Lib_System.c,6 :: 		
;__Lib_System.c,9 :: 		
0x002C	0x1283      	BCF        STATUS, 5
0x002D	0x1303      	BCF        STATUS, 6
0x002E	0x0821      	MOVF       ___DoICPAddr+1, 0
0x002F	0x008A      	MOVWF      PCLATH
;__Lib_System.c,10 :: 		
0x0030	0x0820      	MOVF       ___DoICPAddr, 0
0x0031	0x0082      	MOVWF      PCL
;__Lib_System.c,12 :: 		
L_end_____DoICP:
0x0032	0x0008      	RETURN
; end of _____DoICP
___CC2DW:
;__Lib_System.c,134 :: 		
;__Lib_System.c,137 :: 		
_CC2D_Loop1:
;__Lib_System.c,139 :: 		
0x0033	0x202C      	CALL       _____DoICP
0x0034	0x118A      	BCF        PCLATH, 3
0x0035	0x120A      	BCF        PCLATH, 4
;__Lib_System.c,141 :: 		
0x0036	0x0080      	MOVWF      INDF
;__Lib_System.c,142 :: 		
0x0037	0x0A84      	INCF       FSR, 1
;__Lib_System.c,143 :: 		
0x0038	0x0AA0      	INCF       ___DoICPAddr, 1
;__Lib_System.c,145 :: 		
0x0039	0x1903      	BTFSC      STATUS, 2
;__Lib_System.c,146 :: 		
0x003A	0x0AA1      	INCF       ___DoICPAddr+1, 1
;__Lib_System.c,147 :: 		
0x003B	0x03F0      	DECF       R0, 1
;__Lib_System.c,149 :: 		
0x003C	0x1D03      	BTFSS      STATUS, 2
;__Lib_System.c,150 :: 		
0x003D	0x2833      	GOTO       _CC2D_Loop1
;__Lib_System.c,152 :: 		
L_end___CC2DW:
0x003E	0x0008      	RETURN
; end of ___CC2DW
_Dec2Bcd:
;__Lib_Conversions.c,353 :: 		
;__Lib_Conversions.c,354 :: 		
0x003F	0x1283      	BCF        STATUS, 5
0x0040	0x1303      	BCF        STATUS, 6
0x0041	0x01A7      	CLRF       Dec2Bcd_tmp_L0
;__Lib_Conversions.c,356 :: 		
0x0042	0x0826      	MOVF       FARG_Dec2Bcd_decnum, 0
0x0043	0x3C09      	SUBLW      9
0x0044	0x1803      	BTFSC      STATUS, 0
0x0045	0x2861      	GOTO       L_Dec2Bcd78
;__Lib_Conversions.c,357 :: 		
0x0046	0x300A      	MOVLW      10
0x0047	0x00F4      	MOVWF      R4
0x0048	0x0826      	MOVF       FARG_Dec2Bcd_decnum, 0
0x0049	0x00F0      	MOVWF      R0
0x004A	0x201B      	CALL       _Div_8X8_U
0x004B	0x0870      	MOVF       R0, 0
0x004C	0x00A7      	MOVWF      Dec2Bcd_tmp_L0
;__Lib_Conversions.c,358 :: 		
0x004D	0x0870      	MOVF       R0, 0
0x004E	0x00A7      	MOVWF      Dec2Bcd_tmp_L0
0x004F	0x0DA7      	RLF        Dec2Bcd_tmp_L0, 1
0x0050	0x1027      	BCF        Dec2Bcd_tmp_L0, 0
0x0051	0x0DA7      	RLF        Dec2Bcd_tmp_L0, 1
0x0052	0x1027      	BCF        Dec2Bcd_tmp_L0, 0
0x0053	0x0DA7      	RLF        Dec2Bcd_tmp_L0, 1
0x0054	0x1027      	BCF        Dec2Bcd_tmp_L0, 0
0x0055	0x0DA7      	RLF        Dec2Bcd_tmp_L0, 1
0x0056	0x1027      	BCF        Dec2Bcd_tmp_L0, 0
;__Lib_Conversions.c,359 :: 		
0x0057	0x300A      	MOVLW      10
0x0058	0x00F4      	MOVWF      R4
0x0059	0x0826      	MOVF       FARG_Dec2Bcd_decnum, 0
0x005A	0x00F0      	MOVWF      R0
0x005B	0x201B      	CALL       _Div_8X8_U
0x005C	0x0878      	MOVF       R8, 0
0x005D	0x00F0      	MOVWF      R0
0x005E	0x0870      	MOVF       R0, 0
0x005F	0x04A7      	IORWF      Dec2Bcd_tmp_L0, 1
;__Lib_Conversions.c,360 :: 		
0x0060	0x2863      	GOTO       L_Dec2Bcd79
L_Dec2Bcd78:
;__Lib_Conversions.c,361 :: 		
0x0061	0x0826      	MOVF       FARG_Dec2Bcd_decnum, 0
0x0062	0x00A7      	MOVWF      Dec2Bcd_tmp_L0
L_Dec2Bcd79:
;__Lib_Conversions.c,362 :: 		
0x0063	0x0827      	MOVF       Dec2Bcd_tmp_L0, 0
0x0064	0x00F0      	MOVWF      R0
;__Lib_Conversions.c,363 :: 		
L_end_Dec2Bcd:
0x0065	0x0008      	RETURN
; end of _Dec2Bcd
_main:
;Interrupt.c,7 :: 		void main() {
;Interrupt.c,8 :: 		ANSEL=ANSELH=0;
0x0066	0x1683      	BSF        STATUS, 5
0x0067	0x1703      	BSF        STATUS, 6
0x0068	0x0189      	CLRF       ANSELH
0x0069	0x0188      	CLRF       ANSEL
;Interrupt.c,9 :: 		TRISC=0X00;
0x006A	0x1303      	BCF        STATUS, 6
0x006B	0x0187      	CLRF       TRISC
;Interrupt.c,10 :: 		TRISB=0XFF;
0x006C	0x30FF      	MOVLW      255
0x006D	0x0086      	MOVWF      TRISB
;Interrupt.c,11 :: 		INTCON.GIE=1; //GLOBAL KESMELERE ÝZÝN VER
0x006E	0x178B      	BSF        INTCON, 7
;Interrupt.c,12 :: 		INTCON.INTE=1;// RB0 KESMESÝNE ÝZÝN VER
0x006F	0x160B      	BSF        INTCON, 4
;Interrupt.c,14 :: 		OPTION_REG.INTEDG=1;// ÜRETÝLEN KARE DALGANIN YÜKSELEN KENARINDAN
0x0070	0x1701      	BSF        OPTION_REG, 6
;Interrupt.c,15 :: 		PORTC=0;
0x0071	0x1283      	BCF        STATUS, 5
0x0072	0x0187      	CLRF       PORTC
;Interrupt.c,19 :: 		}
L_end_main:
0x0073	0x2873      	GOTO       $+0
; end of _main
Symbol List:
//** Routines locations **
//ADDRESS    SIZE    PROCEDURE
//----------------------------------------------
0x0004      [23]    _interrupt
0x001B      [17]    _Div_8X8_U
0x002C       [7]    _____DoICP
0x0033      [12]    ___CC2DW
0x003F      [39]    _Dec2Bcd
0x0066      [14]    _main
//** Variables locations ** 
//ADDRESS    SIZE    VARIABLE
//----------------------------------------------
0x0000       [1]    INDF
0x0002       [1]    PCL
0x0003       [1]    STATUS
0x0004       [1]    FSR
0x0007       [1]    PORTC
0x000A       [1]    PCLATH
0x000B       [1]    INTCON
0x0020       [2]    ___DoICPAddr
0x0022       [2]    _SAY
0x0024       [1]    ___savePCLATH
0x0025       [1]    ___saveSTATUS
0x0026       [1]    FARG_Dec2Bcd_decnum
0x0027       [1]    Dec2Bcd_tmp_L0
0x0070       [1]    R0
0x0071       [1]    R1
0x0072       [1]    R2
0x0073       [1]    R3
0x0074       [1]    R4
0x0075       [1]    R5
0x0076       [1]    R6
0x0077       [1]    R7
0x0078       [1]    R8
0x0079       [1]    R9
0x007A       [1]    R10
0x007B       [1]    R11
0x007C       [1]    R12
0x007D       [1]    R13
0x007E       [1]    R14
0x007F       [1]    R15
0x0081       [1]    OPTION_REG
0x0086       [1]    TRISB
0x0087       [1]    TRISC
0x0188       [1]    ANSEL
0x0189       [1]    ANSELH
