;  LST file generated by mikroListExporter - v.2.0 
; Date/Time: 24.12.2023 21:26:58
;----------------------------------------------

;Address Opcode 	ASM
0x0000	0x2875      	GOTO       117
_interrupt:
0x0004	0x00FF      	MOVWF      R15
0x0005	0x0E03      	SWAPF      STATUS, 0
0x0006	0x0183      	CLRF       STATUS
0x0007	0x00A7      	MOVWF      ___saveSTATUS
0x0008	0x080A      	MOVF       PCLATH, 0
0x0009	0x00A6      	MOVWF      ___savePCLATH
0x000A	0x018A      	CLRF       PCLATH
;TMR0.c,3 :: 		void interrupt(){
;TMR0.c,4 :: 		cnt++;
0x000B	0x0AA4      	INCF       _cnt, 1
0x000C	0x1903      	BTFSC      STATUS, 2
0x000D	0x0AA5      	INCF       _cnt+1, 1
;TMR0.c,5 :: 		if(cnt==125){
0x000E	0x3000      	MOVLW      0
0x000F	0x0625      	XORWF      _cnt+1, 0
0x0010	0x1D03      	BTFSS      STATUS, 2
0x0011	0x2814      	GOTO       L__interrupt3
0x0012	0x307D      	MOVLW      125
0x0013	0x0624      	XORWF      _cnt, 0
L__interrupt3:
0x0014	0x1D03      	BTFSS      STATUS, 2
0x0015	0x2820      	GOTO       L_interrupt0
;TMR0.c,6 :: 		say=say+1;
0x0016	0x0AA0      	INCF       _say, 1
0x0017	0x1903      	BTFSC      STATUS, 2
0x0018	0x0AA1      	INCF       _say+1, 1
;TMR0.c,7 :: 		PORTC=dec2bcd(say);
0x0019	0x0820      	MOVF       _say, 0
0x001A	0x00A8      	MOVWF      FARG_Dec2Bcd_decnum
0x001B	0x204E      	CALL       _Dec2Bcd
0x001C	0x0870      	MOVF       R0, 0
0x001D	0x0087      	MOVWF      PORTC
;TMR0.c,8 :: 		cnt=0;
0x001E	0x01A4      	CLRF       _cnt
0x001F	0x01A5      	CLRF       _cnt+1
;TMR0.c,10 :: 		} intcon.t0if=0;
L_interrupt0:
0x0020	0x110B      	BCF        INTCON, 2
;TMR0.c,11 :: 		tmr0=131;
0x0021	0x3083      	MOVLW      131
0x0022	0x0081      	MOVWF      TMR0
;TMR0.c,13 :: 		}
L_end_interrupt:
L__interrupt2:
0x0023	0x0826      	MOVF       ___savePCLATH, 0
0x0024	0x008A      	MOVWF      PCLATH
0x0025	0x0E27      	SWAPF      ___saveSTATUS, 0
0x0026	0x0083      	MOVWF      STATUS
0x0027	0x0EFF      	SWAPF      R15, 1
0x0028	0x0E7F      	SWAPF      R15, 0
0x0029	0x0009      	RETFIE
; end of _interrupt
_Div_8X8_U:
;__Lib_Math.c,189 :: 		
;__Lib_Math.c,196 :: 		
0x002A	0x1283      	BCF        STATUS, 5
;__Lib_Math.c,197 :: 		
0x002B	0x1303      	BCF        STATUS, 6
;__Lib_Math.c,198 :: 		
0x002C	0x01F8      	CLRF       R8
;__Lib_Math.c,199 :: 		
0x002D	0x3008      	MOVLW      8
;__Lib_Math.c,200 :: 		
0x002E	0x00FC      	MOVWF      R12
;__Lib_Math.c,201 :: 		
0x002F	0x0D70      	RLF        R0, 0
;__Lib_Math.c,202 :: 		
0x0030	0x0DF8      	RLF        R8, 1
;__Lib_Math.c,203 :: 		
0x0031	0x0874      	MOVF       R4, 0
;__Lib_Math.c,204 :: 		
0x0032	0x02F8      	SUBWF      R8, 1
;__Lib_Math.c,205 :: 		
0x0033	0x1803      	BTFSC      STATUS, 0
;__Lib_Math.c,206 :: 		
0x0034	0x2837      	GOTO       $+3
;__Lib_Math.c,207 :: 		
0x0035	0x07F8      	ADDWF      R8, 1
;__Lib_Math.c,208 :: 		
0x0036	0x1003      	BCF        STATUS, 0
;__Lib_Math.c,209 :: 		
0x0037	0x0DF0      	RLF        R0, 1
;__Lib_Math.c,210 :: 		
0x0038	0x0BFC      	DECFSZ     R12, 1
;__Lib_Math.c,211 :: 		
0x0039	0x282F      	GOTO       $-10
;__Lib_Math.c,213 :: 		
L_end_Div_8X8_U:
0x003A	0x0008      	RETURN
; end of _Div_8X8_U
_____DoICP:
;__Lib_System.c,6 :: 		
;__Lib_System.c,9 :: 		
0x003B	0x1283      	BCF        STATUS, 5
0x003C	0x1303      	BCF        STATUS, 6
0x003D	0x0823      	MOVF       ___DoICPAddr+1, 0
0x003E	0x008A      	MOVWF      PCLATH
;__Lib_System.c,10 :: 		
0x003F	0x0822      	MOVF       ___DoICPAddr, 0
0x0040	0x0082      	MOVWF      PCL
;__Lib_System.c,12 :: 		
L_end_____DoICP:
0x0041	0x0008      	RETURN
; end of _____DoICP
___CC2DW:
;__Lib_System.c,134 :: 		
;__Lib_System.c,137 :: 		
_CC2D_Loop1:
;__Lib_System.c,139 :: 		
0x0042	0x203B      	CALL       _____DoICP
0x0043	0x118A      	BCF        PCLATH, 3
0x0044	0x120A      	BCF        PCLATH, 4
;__Lib_System.c,141 :: 		
0x0045	0x0080      	MOVWF      INDF
;__Lib_System.c,142 :: 		
0x0046	0x0A84      	INCF       FSR, 1
;__Lib_System.c,143 :: 		
0x0047	0x0AA2      	INCF       ___DoICPAddr, 1
;__Lib_System.c,145 :: 		
0x0048	0x1903      	BTFSC      STATUS, 2
;__Lib_System.c,146 :: 		
0x0049	0x0AA3      	INCF       ___DoICPAddr+1, 1
;__Lib_System.c,147 :: 		
0x004A	0x03F0      	DECF       R0, 1
;__Lib_System.c,149 :: 		
0x004B	0x1D03      	BTFSS      STATUS, 2
;__Lib_System.c,150 :: 		
0x004C	0x2842      	GOTO       _CC2D_Loop1
;__Lib_System.c,152 :: 		
L_end___CC2DW:
0x004D	0x0008      	RETURN
; end of ___CC2DW
_Dec2Bcd:
;__Lib_Conversions.c,353 :: 		
;__Lib_Conversions.c,354 :: 		
0x004E	0x1283      	BCF        STATUS, 5
0x004F	0x1303      	BCF        STATUS, 6
0x0050	0x01A9      	CLRF       Dec2Bcd_tmp_L0
;__Lib_Conversions.c,356 :: 		
0x0051	0x0828      	MOVF       FARG_Dec2Bcd_decnum, 0
0x0052	0x3C09      	SUBLW      9
0x0053	0x1803      	BTFSC      STATUS, 0
0x0054	0x2870      	GOTO       L_Dec2Bcd78
;__Lib_Conversions.c,357 :: 		
0x0055	0x300A      	MOVLW      10
0x0056	0x00F4      	MOVWF      R4
0x0057	0x0828      	MOVF       FARG_Dec2Bcd_decnum, 0
0x0058	0x00F0      	MOVWF      R0
0x0059	0x202A      	CALL       _Div_8X8_U
0x005A	0x0870      	MOVF       R0, 0
0x005B	0x00A9      	MOVWF      Dec2Bcd_tmp_L0
;__Lib_Conversions.c,358 :: 		
0x005C	0x0870      	MOVF       R0, 0
0x005D	0x00A9      	MOVWF      Dec2Bcd_tmp_L0
0x005E	0x0DA9      	RLF        Dec2Bcd_tmp_L0, 1
0x005F	0x1029      	BCF        Dec2Bcd_tmp_L0, 0
0x0060	0x0DA9      	RLF        Dec2Bcd_tmp_L0, 1
0x0061	0x1029      	BCF        Dec2Bcd_tmp_L0, 0
0x0062	0x0DA9      	RLF        Dec2Bcd_tmp_L0, 1
0x0063	0x1029      	BCF        Dec2Bcd_tmp_L0, 0
0x0064	0x0DA9      	RLF        Dec2Bcd_tmp_L0, 1
0x0065	0x1029      	BCF        Dec2Bcd_tmp_L0, 0
;__Lib_Conversions.c,359 :: 		
0x0066	0x300A      	MOVLW      10
0x0067	0x00F4      	MOVWF      R4
0x0068	0x0828      	MOVF       FARG_Dec2Bcd_decnum, 0
0x0069	0x00F0      	MOVWF      R0
0x006A	0x202A      	CALL       _Div_8X8_U
0x006B	0x0878      	MOVF       R8, 0
0x006C	0x00F0      	MOVWF      R0
0x006D	0x0870      	MOVF       R0, 0
0x006E	0x04A9      	IORWF      Dec2Bcd_tmp_L0, 1
;__Lib_Conversions.c,360 :: 		
0x006F	0x2872      	GOTO       L_Dec2Bcd79
L_Dec2Bcd78:
;__Lib_Conversions.c,361 :: 		
0x0070	0x0828      	MOVF       FARG_Dec2Bcd_decnum, 0
0x0071	0x00A9      	MOVWF      Dec2Bcd_tmp_L0
L_Dec2Bcd79:
;__Lib_Conversions.c,362 :: 		
0x0072	0x0829      	MOVF       Dec2Bcd_tmp_L0, 0
0x0073	0x00F0      	MOVWF      R0
;__Lib_Conversions.c,363 :: 		
L_end_Dec2Bcd:
0x0074	0x0008      	RETURN
; end of _Dec2Bcd
_main:
0x0075	0x1283      	BCF        STATUS, 5
0x0076	0x1303      	BCF        STATUS, 6
0x0077	0x01A0      	CLRF       _say
0x0078	0x01A1      	CLRF       33
;TMR0.c,14 :: 		void main() {
;TMR0.c,15 :: 		TRISC=0;
0x0079	0x1683      	BSF        STATUS, 5
0x007A	0x0187      	CLRF       TRISC
;TMR0.c,16 :: 		OPTION_REG.T0CS=0;
0x007B	0x1281      	BCF        OPTION_REG, 5
;TMR0.c,17 :: 		OPTION_REG.PSA=0; // TÝMER0
0x007C	0x1181      	BCF        OPTION_REG, 3
;TMR0.c,18 :: 		OPTION_REG.PS0=0;
0x007D	0x1001      	BCF        OPTION_REG, 0
;TMR0.c,19 :: 		OPTION_REG.PS1=1;
0x007E	0x1481      	BSF        OPTION_REG, 1
;TMR0.c,20 :: 		OPTION_REG.PS2=1;
0x007F	0x1501      	BSF        OPTION_REG, 2
;TMR0.c,21 :: 		INTCON.GIE=1;
0x0080	0x178B      	BSF        INTCON, 7
;TMR0.c,22 :: 		INTCON.INTF=1;
0x0081	0x148B      	BSF        INTCON, 1
;TMR0.c,23 :: 		TMR0=131;
0x0082	0x3083      	MOVLW      131
0x0083	0x1283      	BCF        STATUS, 5
0x0084	0x0081      	MOVWF      TMR0
;TMR0.c,25 :: 		}
L_end_main:
0x0085	0x2885      	GOTO       $+0
; end of _main
Symbol List:
//** Routines locations **
//ADDRESS    SIZE    PROCEDURE
//----------------------------------------------
0x0004      [38]    _interrupt
0x002A      [17]    _Div_8X8_U
0x003B       [7]    _____DoICP
0x0042      [12]    ___CC2DW
0x004E      [39]    _Dec2Bcd
0x0075      [17]    _main
//** Variables locations ** 
//ADDRESS    SIZE    VARIABLE
//----------------------------------------------
0x0000       [1]    INDF
0x0001       [1]    TMR0
0x0002       [1]    PCL
0x0003       [1]    STATUS
0x0004       [1]    FSR
0x0007       [1]    PORTC
0x000A       [1]    PCLATH
0x000B       [1]    INTCON
0x0020       [2]    _say
0x0022       [2]    ___DoICPAddr
0x0024       [2]    _cnt
0x0026       [1]    ___savePCLATH
0x0027       [1]    ___saveSTATUS
0x0028       [1]    FARG_Dec2Bcd_decnum
0x0029       [1]    Dec2Bcd_tmp_L0
0x0070       [1]    R0
0x0071       [1]    R1
0x0072       [1]    R2
0x0073       [1]    R3
0x0074       [1]    R4
0x0075       [1]    R5
0x0076       [1]    R6
0x0077       [1]    R7
0x0078       [1]    R8
0x0079       [1]    R9
0x007A       [1]    R10
0x007B       [1]    R11
0x007C       [1]    R12
0x007D       [1]    R13
0x007E       [1]    R14
0x007F       [1]    R15
0x0081       [1]    OPTION_REG
0x0087       [1]    TRISC
